
> omnitrip-web@0.0.0 build
> tsc -b && vite build

vite v6.4.1 building for production...
transforming...
✓ 850 modules transformed.
rendering chunks...
computing gzip size...
dist/index.html                                         1.16 kB │ gzip:   0.56 kB
dist/assets/buddy-idle-CveZbcn6.webm                1,094.59 kB
dist/assets/buddy-excited-DB7pLT2f.webm             1,148.39 kB
dist/assets/buddy-DqFgTALx.png                      1,662.21 kB
dist/assets/index-CRZJa2v7.css                         72.43 kB │ gzip:  16.51 kB
dist/assets/Card-jz17ULas.js                            0.48 kB │ gzip:   0.35 kB
dist/assets/useProfile-Cj8IyDYY.js                      0.55 kB │ gzip:   0.32 kB
dist/assets/OAuthCallbackScreen-Bst2whQQ.js             0.76 kB │ gzip:   0.49 kB
dist/assets/useExpenses-stFVN6mc.js                     0.79 kB │ gzip:   0.38 kB
dist/assets/planningStore-BumU8voh.js                   0.92 kB │ gzip:   0.39 kB
dist/assets/useCalendarEvents-Cdd0ZY2U.js               1.10 kB │ gzip:   0.63 kB
dist/assets/useBookings-DOh-edkc.js                     1.88 kB │ gzip:   0.92 kB
dist/assets/mapRow-Bi0ijSre.js                          2.03 kB │ gzip:   0.70 kB
dist/assets/ResetPasswordScreen-Dm3EsaMY.js             2.16 kB │ gzip:   0.91 kB
dist/assets/EmptyState-DwV0lc-J.js                      3.53 kB │ gzip:   1.26 kB
dist/assets/DreamsScreen-D411MljH.js                    6.51 kB │ gzip:   2.10 kB
dist/assets/HomeScreen-B_Q-vjh6.js                     12.12 kB │ gzip:   3.64 kB
dist/assets/DestinationDetailScreen-BCJ2DbEp.js        12.13 kB │ gzip:   3.92 kB
dist/assets/FootprintsScreen-CCyE17HD.js               13.62 kB │ gzip:   4.89 kB
dist/assets/ProfileScreen-CWriU7ay.js                  18.82 kB │ gzip:   5.29 kB
dist/assets/CalendarScreen-BleO-RWn.js                 26.51 kB │ gzip:   7.51 kB
dist/assets/howler-B_mYad2R.js                         27.13 kB │ gzip:   8.18 kB
dist/assets/navmesh-B1pUQaZh.js                        55.09 kB │ gzip:  11.02 kB
dist/assets/boolean-DnW06Vcs.js                        56.52 kB │ gzip:  19.68 kB
dist/assets/process-VPR0TfJD.js                        67.76 kB │ gzip:  23.02 kB
dist/assets/gaussian-splat-compression-Dbnz1wNI.js     82.55 kB │ gzip:  23.40 kB
dist/assets/ui-CzK6-nAP.js                             91.98 kB │ gzip:  28.89 kB
dist/assets/PlanningScreen-6bY7Q_Dm.js                111.33 kB │ gzip:  31.10 kB
dist/assets/opentype-U-0Y99ve.js                      173.53 kB │ gzip:  50.26 kB
dist/assets/BudgetScreen-D8idbwx7.js                  408.90 kB │ gzip: 120.43 kB
dist/assets/index-B42zi11O.js                         743.82 kB │ gzip: 226.36 kB
dist/assets/physics-ChHD2_fM.js                     1,987.56 kB │ gzip: 722.72 kB
dist/assets/react-spline-SsoRENjQ.js                2,054.12 kB │ gzip: 585.72 kB

(!) Some chunks are larger than 500 kB after minification. Consider:
- Using dynamic import() to code-split the application
- Use build.rollupOptions.output.manualChunks to improve chunking: https://rollupjs.org/configuration-options/#output-manualchunks
- Adjust chunk size limit for this warning via build.chunkSizeWarningLimit.
✓ built in 3.52s
